<?xml version="1.0" encoding="UTF-8"?>
<!-- Generated by org.testng.reporters.JUnitXMLReporter -->
<testsuite ignored="0" hostname="DESKTOP-P5BPJ6A" failures="0" tests="3" name="Regression" time="0.234" errors="0" timestamp="2022-09-28T21:22:55 MSK">
  <testcase classname="com.it_academy.janna.CalculatorUserActionsTest" name="testGetOperandErrorMessage" time="0.11"/>
  <testcase classname="com.it_academy.janna.CalculatorUserActionsTest" name="testGetOperandErrorMessage" time="0.109"/>
  <testcase classname="com.it_academy.janna.CalculatorUserActionsTest" name="testGetUserInputNumberErrorMessage" time="0.0"/>
</testsuite> <!-- Regression -->
